<?xml version="1.0" encoding="UTF-8"?>
<!-- Generated by org.testng.reporters.JUnitReportReporter -->
<testsuite hostname="vizadmin-HP-2000-Notebook-PC" name="pratyush.Test1" tests="1" failures="0" timestamp="18 Jun 2015 11:23:41 GMT" time="0.022" errors="0">
  <testcase name="testPrintMessage" time="0.022" classname="pratyush.Test1"/>
</testsuite> <!-- pratyush.Test1 -->
