<?xml version="1.0" encoding="UTF-8"?>
<!-- Generated by org.testng.reporters.JUnitReportReporter -->
<testsuite hostname="vizadmin-HP-2000-Notebook-PC" name="pratyush.TestNG1" tests="2" failures="0" timestamp="14 Apr 2015 17:20:33 GMT" time="0.009" errors="0">
  <testcase name="testCase2" time="0.001" classname="pratyush.TestNG1"/>
  <testcase name="testCase1" time="0.008" classname="pratyush.TestNG1"/>
</testsuite> <!-- pratyush.TestNG1 -->
