<?xml version="1.0" encoding="UTF-8"?>
<!-- Generated by org.testng.reporters.JUnitReportReporter -->
<testsuite hostname="vizadmin-HP-2000-Notebook-PC" name="pratyush.Test2" tests="1" failures="0" timestamp="20 Apr 2015 06:04:17 GMT" time="0.020" errors="0">
  <testcase name="testSalutationMessage" time="0.020" classname="pratyush.Test2"/>
</testsuite> <!-- pratyush.Test2 -->
